<?xml version="1.0" encoding="UTF-8"?>
<testsuite xmlns:xsi="http://www.w3.org/2001/XMLSchema-instance" xsi:noNamespaceSchemaLocation="https://maven.apache.org/surefire/maven-surefire-plugin/xsd/surefire-test-report-3.0.xsd" version="3.0" name="ru.webui.Lesson5.CreatePersonTest" time="8.817" tests="1" errors="0" skipped="0" failures="0">
  <properties>
[...]
</properties>
  <testcase name="loginСheck" classname="ru.webui.Lesson5.CreatePersonTest" time="6.846">
    <system-out><![CDATA[14:35:07.928 [main] DEBUG io.github.bonigarcia.wdm.cache.ResolutionCache - Removing resolution chrome=91 from cache (expired on Sat Jul 10 14:30:29 YEKT 2021)
14:35:07.948 [main] DEBUG org.apache.hc.client5.http.impl.classic.InternalHttpClient - ex-00000001: preparing request execution
14:35:07.954 [main] DEBUG org.apache.hc.client5.http.protocol.RequestAddCookies - Cookie spec selected: strict
14:35:07.966 [main] DEBUG org.apache.hc.client5.http.protocol.RequestAuthCache - Auth cache not set in the context
14:35:07.967 [main] DEBUG org.apache.hc.client5.http.impl.classic.ProtocolExec - ex-00000001: target auth state: UNCHALLENGED
14:35:07.967 [main] DEBUG org.apache.hc.client5.http.impl.classic.ProtocolExec - ex-00000001: proxy auth state: UNCHALLENGED
14:35:07.967 [main] DEBUG org.apache.hc.client5.http.impl.classic.ConnectExec - ex-00000001: acquiring connection with route {s}->https://raw.githubusercontent.com:443
14:35:07.968 [main] DEBUG org.apache.hc.client5.http.impl.classic.InternalHttpClient - ex-00000001: acquiring endpoint (3 MINUTES)
14:35:07.969 [main] DEBUG org.apache.hc.client5.http.impl.io.PoolingHttpClientConnectionManager - ex-00000001: endpoint lease request (3 MINUTES) [route: {s}->https://raw.githubusercontent.com:443][total available: 0; route allocated: 0 of 5; total allocated: 0 of 25]
14:35:07.974 [main] DEBUG org.apache.hc.client5.http.impl.io.PoolingHttpClientConnectionManager - ex-00000001: endpoint leased [route: {s}->https://raw.githubusercontent.com:443][total available: 0; route allocated: 1 of 5; total allocated: 1 of 25]
14:35:07.985 [main] DEBUG org.apache.hc.client5.http.impl.io.PoolingHttpClientConnectionManager - ex-00000001: acquired ep-00000000
14:35:07.985 [main] DEBUG org.apache.hc.client5.http.impl.classic.InternalHttpClient - ex-00000001: acquired endpoint ep-00000000
14:35:07.985 [main] DEBUG org.apache.hc.client5.http.impl.classic.ConnectExec - ex-00000001: opening connection {s}->https://raw.githubusercontent.com:443
14:35:07.986 [main] DEBUG org.apache.hc.client5.http.impl.classic.InternalHttpClient - ep-00000000: connecting endpoint (30 SECONDS)
14:35:07.986 [main] DEBUG org.apache.hc.client5.http.impl.io.PoolingHttpClientConnectionManager - ep-00000000: connecting endpoint to https://raw.githubusercontent.com:443 (30 SECONDS)
14:35:08.030 [main] DEBUG org.apache.hc.client5.http.impl.io.DefaultHttpClientConnectionOperator - http-outgoing-0: connecting to raw.githubusercontent.com/185.199.109.133:443
14:35:08.030 [main] DEBUG org.apache.hc.client5.http.ssl.SSLConnectionSocketFactory - Connecting socket to raw.githubusercontent.com/185.199.109.133:443 with timeout 30 SECONDS
14:35:08.123 [main] DEBUG org.apache.hc.client5.http.ssl.SSLConnectionSocketFactory - Enabled protocols: [TLSv1.2]
14:35:08.123 [main] DEBUG org.apache.hc.client5.http.ssl.SSLConnectionSocketFactory - Enabled cipher suites: [TLS_ECDHE_ECDSA_WITH_AES_256_GCM_SHA384, TLS_ECDHE_ECDSA_WITH_AES_128_GCM_SHA256, TLS_ECDHE_RSA_WITH_AES_256_GCM_SHA384, TLS_RSA_WITH_AES_256_GCM_SHA384, TLS_ECDH_ECDSA_WITH_AES_256_GCM_SHA384, TLS_ECDH_RSA_WITH_AES_256_GCM_SHA384, TLS_DHE_RSA_WITH_AES_256_GCM_SHA384, TLS_DHE_DSS_WITH_AES_256_GCM_SHA384, TLS_ECDHE_RSA_WITH_AES_128_GCM_SHA256, TLS_RSA_WITH_AES_128_GCM_SHA256, TLS_ECDH_ECDSA_WITH_AES_128_GCM_SHA256, TLS_ECDH_RSA_WITH_AES_128_GCM_SHA256, TLS_DHE_RSA_WITH_AES_128_GCM_SHA256, TLS_DHE_DSS_WITH_AES_128_GCM_SHA256, TLS_ECDHE_ECDSA_WITH_AES_256_CBC_SHA384, TLS_ECDHE_RSA_WITH_AES_256_CBC_SHA384, TLS_RSA_WITH_AES_256_CBC_SHA256, TLS_ECDH_ECDSA_WITH_AES_256_CBC_SHA384, TLS_ECDH_RSA_WITH_AES_256_CBC_SHA384, TLS_DHE_RSA_WITH_AES_256_CBC_SHA256, TLS_DHE_DSS_WITH_AES_256_CBC_SHA256, TLS_ECDHE_ECDSA_WITH_AES_256_CBC_SHA, TLS_ECDHE_RSA_WITH_AES_256_CBC_SHA, TLS_RSA_WITH_AES_256_CBC_SHA, TLS_ECDH_ECDSA_WITH_AES_256_CBC_SHA, TLS_ECDH_RSA_WITH_AES_256_CBC_SHA, TLS_DHE_RSA_WITH_AES_256_CBC_SHA, TLS_DHE_DSS_WITH_AES_256_CBC_SHA, TLS_ECDHE_ECDSA_WITH_AES_128_CBC_SHA256, TLS_ECDHE_RSA_WITH_AES_128_CBC_SHA256, TLS_RSA_WITH_AES_128_CBC_SHA256, TLS_ECDH_ECDSA_WITH_AES_128_CBC_SHA256, TLS_ECDH_RSA_WITH_AES_128_CBC_SHA256, TLS_DHE_RSA_WITH_AES_128_CBC_SHA256, TLS_DHE_DSS_WITH_AES_128_CBC_SHA256, TLS_ECDHE_ECDSA_WITH_AES_128_CBC_SHA, TLS_ECDHE_RSA_WITH_AES_128_CBC_SHA, TLS_RSA_WITH_AES_128_CBC_SHA, TLS_ECDH_ECDSA_WITH_AES_128_CBC_SHA, TLS_ECDH_RSA_WITH_AES_128_CBC_SHA, TLS_DHE_RSA_WITH_AES_128_CBC_SHA, TLS_DHE_DSS_WITH_AES_128_CBC_SHA, TLS_EMPTY_RENEGOTIATION_INFO_SCSV]
14:35:08.124 [main] DEBUG org.apache.hc.client5.http.ssl.SSLConnectionSocketFactory - Starting handshake
14:35:08.355 [main] DEBUG org.apache.hc.client5.http.ssl.SSLConnectionSocketFactory - Secure session established
14:35:08.355 [main] DEBUG org.apache.hc.client5.http.ssl.SSLConnectionSocketFactory -  negotiated protocol: TLSv1.2
14:35:08.356 [main] DEBUG org.apache.hc.client5.http.ssl.SSLConnectionSocketFactory -  negotiated cipher suite: TLS_ECDHE_RSA_WITH_AES_128_GCM_SHA256
14:35:08.356 [main] DEBUG org.apache.hc.client5.http.ssl.SSLConnectionSocketFactory -  peer principal: CN=www.github.com, O="GitHub, Inc.", L=San Francisco, ST=California, C=US
14:35:08.357 [main] DEBUG org.apache.hc.client5.http.ssl.SSLConnectionSocketFactory -  peer alternative names: [www.github.com, *.github.com, github.com, *.github.io, github.io, *.githubusercontent.com, githubusercontent.com]
14:35:08.357 [main] DEBUG org.apache.hc.client5.http.ssl.SSLConnectionSocketFactory -  issuer principal: CN=DigiCert SHA2 High Assurance Server CA, OU=www.digicert.com, O=DigiCert Inc, C=US
14:35:08.360 [main] DEBUG org.apache.hc.client5.http.impl.io.DefaultHttpClientConnectionOperator - http-outgoing-0: connection established 192.168.0.104:56185<->185.199.109.133:443
14:35:08.363 [main] DEBUG org.apache.hc.client5.http.impl.io.PoolingHttpClientConnectionManager - ep-00000000: connected http-outgoing-0
14:35:08.363 [main] DEBUG org.apache.hc.client5.http.impl.classic.InternalHttpClient - ep-00000000: endpoint connected
14:35:08.364 [main] DEBUG org.apache.hc.client5.http.impl.classic.MainClientExec - ex-00000001: executing GET /bonigarcia/webdrivermanager/master/src/main/resources/commands.properties HTTP/1.1
14:35:08.365 [main] DEBUG org.apache.hc.client5.http.impl.classic.InternalHttpClient - ep-00000000: start execution ex-00000001
14:35:08.365 [main] DEBUG org.apache.hc.client5.http.impl.io.PoolingHttpClientConnectionManager - ep-00000000: executing exchange ex-00000001 over http-outgoing-0
14:35:08.366 [main] DEBUG org.apache.hc.client5.http.headers - http-outgoing-0 >> GET /bonigarcia/webdrivermanager/master/src/main/resources/commands.properties HTTP/1.1
14:35:08.366 [main] DEBUG org.apache.hc.client5.http.headers - http-outgoing-0 >> user-agent: Apache-HttpClient/5.0
14:35:08.366 [main] DEBUG org.apache.hc.client5.http.headers - http-outgoing-0 >> accept-encoding: gzip, deflate, br
14:35:08.366 [main] DEBUG org.apache.hc.client5.http.headers - http-outgoing-0 >> cache-control: max-age=0
14:35:08.366 [main] DEBUG org.apache.hc.client5.http.headers - http-outgoing-0 >> connection: keep-alive
14:35:08.366 [main] DEBUG org.apache.hc.client5.http.headers - http-outgoing-0 >> Host: raw.githubusercontent.com
14:35:08.366 [main] DEBUG org.apache.hc.client5.http.wire - http-outgoing-0 >> "GET /bonigarcia/webdrivermanager/master/src/main/resources/commands.properties HTTP/1.1[\r][\n]"
14:35:08.366 [main] DEBUG org.apache.hc.client5.http.wire - http-outgoing-0 >> "user-agent: Apache-HttpClient/5.0[\r][\n]"
14:35:08.367 [main] DEBUG org.apache.hc.client5.http.wire - http-outgoing-0 >> "accept-encoding: gzip, deflate, br[\r][\n]"
14:35:08.367 [main] DEBUG org.apache.hc.client5.http.wire - http-outgoing-0 >> "cache-control: max-age=0[\r][\n]"
14:35:08.367 [main] DEBUG org.apache.hc.client5.http.wire - http-outgoing-0 >> "connection: keep-alive[\r][\n]"
14:35:08.367 [main] DEBUG org.apache.hc.client5.http.wire - http-outgoing-0 >> "Host: raw.githubusercontent.com[\r][\n]"
14:35:08.367 [main] DEBUG org.apache.hc.client5.http.wire - http-outgoing-0 >> "[\r][\n]"
14:35:08.436 [main] DEBUG org.apache.hc.client5.http.wire - http-outgoing-0 << "HTTP/1.1 200 OK[\r][\n]"
14:35:08.436 [main] DEBUG org.apache.hc.client5.http.wire - http-outgoing-0 << "Connection: keep-alive[\r][\n]"
14:35:08.436 [main] DEBUG org.apache.hc.client5.http.wire - http-outgoing-0 << "Content-Length: 728[\r][\n]"
14:35:08.436 [main] DEBUG org.apache.hc.client5.http.wire - http-outgoing-0 << "Cache-Control: max-age=300[\r][\n]"
14:35:08.437 [main] DEBUG org.apache.hc.client5.http.wire - http-outgoing-0 << "Content-Security-Policy: default-src 'none'; style-src 'unsafe-inline'; sandbox[\r][\n]"
14:35:08.437 [main] DEBUG org.apache.hc.client5.http.wire - http-outgoing-0 << "Content-Type: text/plain; charset=utf-8[\r][\n]"
14:35:08.437 [main] DEBUG org.apache.hc.client5.http.wire - http-outgoing-0 << "ETag: W/"f670816d6bfbef80584dadbb549bb9c4ccd5de869d5b63cc2a694a74613014b5"[\r][\n]"
14:35:08.437 [main] DEBUG org.apache.hc.client5.http.wire - http-outgoing-0 << "Strict-Transport-Security: max-age=31536000[\r][\n]"
14:35:08.437 [main] DEBUG org.apache.hc.client5.http.wire - http-outgoing-0 << "X-Content-Type-Options: nosniff[\r][\n]"
14:35:08.438 [main] DEBUG org.apache.hc.client5.http.wire - http-outgoing-0 << "X-Frame-Options: deny[\r][\n]"
14:35:08.438 [main] DEBUG org.apache.hc.client5.http.wire - http-outgoing-0 << "X-XSS-Protection: 1; mode=block[\r][\n]"
14:35:08.438 [main] DEBUG org.apache.hc.client5.http.wire - http-outgoing-0 << "X-GitHub-Request-Id: BC82:51BF:4CE924:50FC4A:60E925C0[\r][\n]"
14:35:08.438 [main] DEBUG org.apache.hc.client5.http.wire - http-outgoing-0 << "Content-Encoding: gzip[\r][\n]"
14:35:08.438 [main] DEBUG org.apache.hc.client5.http.wire - http-outgoing-0 << "Accept-Ranges: bytes[\r][\n]"
14:35:08.438 [main] DEBUG org.apache.hc.client5.http.wire - http-outgoing-0 << "Date: Sat, 10 Jul 2021 09:35:08 GMT[\r][\n]"
14:35:08.439 [main] DEBUG org.apache.hc.client5.http.wire - http-outgoing-0 << "Via: 1.1 varnish[\r][\n]"
14:35:08.439 [main] DEBUG org.apache.hc.client5.http.wire - http-outgoing-0 << "X-Served-By: cache-fra19174-FRA[\r][\n]"
14:35:08.443 [main] DEBUG org.apache.hc.client5.http.wire - http-outgoing-0 << "X-Cache: HIT[\r][\n]"
14:35:08.443 [main] DEBUG org.apache.hc.client5.http.wire - http-outgoing-0 << "X-Cache-Hits: 1[\r][\n]"
14:35:08.443 [main] DEBUG org.apache.hc.client5.http.wire - http-outgoing-0 << "X-Timer: S1625909709.519710,VS0,VE0[\r][\n]"
14:35:08.443 [main] DEBUG org.apache.hc.client5.http.wire - http-outgoing-0 << "Vary: Authorization,Accept-Encoding[\r][\n]"
14:35:08.443 [main] DEBUG org.apache.hc.client5.http.wire - http-outgoing-0 << "Access-Control-Allow-Origin: *[\r][\n]"
14:35:08.444 [main] DEBUG org.apache.hc.client5.http.wire - http-outgoing-0 << "X-Fastly-Request-ID: 34d4bc35703fefc736e5e3d80c46b966dfebbe20[\r][\n]"
14:35:08.444 [main] DEBUG org.apache.hc.client5.http.wire - http-outgoing-0 << "Expires: Sat, 10 Jul 2021 09:40:08 GMT[\r][\n]"
14:35:08.444 [main] DEBUG org.apache.hc.client5.http.wire - http-outgoing-0 << "Source-Age: 81[\r][\n]"
14:35:08.444 [main] DEBUG org.apache.hc.client5.http.wire - http-outgoing-0 << "[\r][\n]"
14:35:08.447 [main] DEBUG org.apache.hc.client5.http.headers - http-outgoing-0 << HTTP/1.1 200 OK
14:35:08.447 [main] DEBUG org.apache.hc.client5.http.headers - http-outgoing-0 << Connection: keep-alive
14:35:08.447 [main] DEBUG org.apache.hc.client5.http.headers - http-outgoing-0 << Content-Length: 728
14:35:08.447 [main] DEBUG org.apache.hc.client5.http.headers - http-outgoing-0 << Cache-Control: max-age=300
14:35:08.447 [main] DEBUG org.apache.hc.client5.http.headers - http-outgoing-0 << Content-Security-Policy: default-src 'none'; style-src 'unsafe-inline'; sandbox
14:35:08.447 [main] DEBUG org.apache.hc.client5.http.headers - http-outgoing-0 << Content-Type: text/plain; charset=utf-8
14:35:08.447 [main] DEBUG org.apache.hc.client5.http.headers - http-outgoing-0 << ETag: W/"f670816d6bfbef80584dadbb549bb9c4ccd5de869d5b63cc2a694a74613014b5"
14:35:08.447 [main] DEBUG org.apache.hc.client5.http.headers - http-outgoing-0 << Strict-Transport-Security: max-age=31536000
14:35:08.447 [main] DEBUG org.apache.hc.client5.http.headers - http-outgoing-0 << X-Content-Type-Options: nosniff
14:35:08.447 [main] DEBUG org.apache.hc.client5.http.headers - http-outgoing-0 << X-Frame-Options: deny
14:35:08.447 [main] DEBUG org.apache.hc.client5.http.headers - http-outgoing-0 << X-XSS-Protection: 1; mode=block
14:35:08.447 [main] DEBUG org.apache.hc.client5.http.headers - http-outgoing-0 << X-GitHub-Request-Id: BC82:51BF:4CE924:50FC4A:60E925C0
14:35:08.448 [main] DEBUG org.apache.hc.client5.http.headers - http-outgoing-0 << Content-Encoding: gzip
14:35:08.448 [main] DEBUG org.apache.hc.client5.http.headers - http-outgoing-0 << Accept-Ranges: bytes
14:35:08.448 [main] DEBUG org.apache.hc.client5.http.headers - http-outgoing-0 << Date: Sat, 10 Jul 2021 09:35:08 GMT
14:35:08.448 [main] DEBUG org.apache.hc.client5.http.headers - http-outgoing-0 << Via: 1.1 varnish
14:35:08.448 [main] DEBUG org.apache.hc.client5.http.headers - http-outgoing-0 << X-Served-By: cache-fra19174-FRA
14:35:08.448 [main] DEBUG org.apache.hc.client5.http.headers - http-outgoing-0 << X-Cache: HIT
14:35:08.448 [main] DEBUG org.apache.hc.client5.http.headers - http-outgoing-0 << X-Cache-Hits: 1
14:35:08.448 [main] DEBUG org.apache.hc.client5.http.headers - http-outgoing-0 << X-Timer: S1625909709.519710,VS0,VE0
14:35:08.448 [main] DEBUG org.apache.hc.client5.http.headers - http-outgoing-0 << Vary: Authorization,Accept-Encoding
14:35:08.448 [main] DEBUG org.apache.hc.client5.http.headers - http-outgoing-0 << Access-Control-Allow-Origin: *
14:35:08.448 [main] DEBUG org.apache.hc.client5.http.headers - http-outgoing-0 << X-Fastly-Request-ID: 34d4bc35703fefc736e5e3d80c46b966dfebbe20
14:35:08.448 [main] DEBUG org.apache.hc.client5.http.headers - http-outgoing-0 << Expires: Sat, 10 Jul 2021 09:40:08 GMT
14:35:08.448 [main] DEBUG org.apache.hc.client5.http.headers - http-outgoing-0 << Source-Age: 81
14:35:08.454 [main] DEBUG org.apache.hc.client5.http.impl.classic.MainClientExec - ex-00000001: connection can be kept alive for 3 MINUTES
14:35:08.467 [main] DEBUG org.apache.hc.client5.http.wire - http-outgoing-0 << "[0x1f][0xffffff8b][0x8][0x0][0x0][0x0][0x0][0x0][0x0][0x3][0xffffffb5]V]o[0xffffffda]0[0x14]}[0xffffffe7]W\[0xffffff81]*[0xffffffb5][0x12][0x1f][[M[0xffffffd3]$[0x1e]hF[0xffffffbb]i [0x18][0xffffffb4][0xffffffdd]&[0xfffffff9][0xffffffc5]Mn[0xffffff82][0xffffffa5]$Fv([0xffffffed]~[0xfffffffd]l[0xffffffe7]c$u[0x6]k[0xffffffe8][l_[0xffffff9f]s|[0xffffffef]q|;[0xffffffe0][0xfffffff0]([0xffffffa2][0xffffffb1]'[0xffffffc1][0xffffffa3][0x9]}[0xffffffa0][0x12][[0x1d][0xffffffb8]]1[0x9]>[0xb][0x11]\[0x1e]'[0xffffff94][0xffffffc5][0x12][0xffffff92][0xffffff95][0x1e]d[0xffffffa1][0x9][0xffffff87][0x7][0x4]|Bw[0xffffff93][0xffffffa0][0x7],6[0xffffffcb]r[0xffffff85]a[0xffffffa8][0x7]\x(t[0xffffff90][0xffffff87][0x9][0xffffffba][0xffffff89]Y|D![0x19]Wk>[0xffffffa0][0xfffffffa][0xe][0x4]b[0xc][0xf][0xffffff82]o[0xffffffa5]ZP[0xffffff94][0xffffffa7][0xffffffce]J[0xfffffff0][0x8][0xffffffbb]p[0xffffffcd][0x4][0xfffffffa][0xfffffffc][0xffffffa9][0xb][0xffffffb3]5[\n]"
14:35:08.467 [main] DEBUG org.apache.hc.client5.http.wire - http-outgoing-0 << "[0xffffffda][0xffffff85][0xffffffb1][0x17][0xffffffa8]Y[0xffffffb3][0xffffffca]6[0xffffffd1][0xffffff99][0xffffffc6][0xfffffff7][0xffffff98][0xffffffef][0xffffffa3][0xffffffc0]8[0x1][0xffffffae]c[0x12][0x16][0x7] [0xffffff9f]e[0xffffff82][0xffffff91][0xffffff84][0xffffffd3][0x1f],[0xfffffff6][0x14]j[0x17]&,[0xffffffde]([0xffffff98])ua[0xffffffb6]<k)[0xffffff8e][0xffffff94][0xffffffa2][0xffffff95][0x1d][0xffffffa3][0xffffffef][0xffffff9a]a[0x7f][0xffffff9b]n[0xffffffe8][0xffffffbf]{?t#[0xffffffaf][0xffffffaf]N[0x5][0x3][0x7][0xffffffb6][0x11]sMJL[0x1a][0xffffffb6]+[0xffffffc5][0x7]1[0xffffff8d]p[0xffffffd8]>[0xffffff99]/f7[0xffffff8b][0xffffffd1][0xfffffff4][0xfffffffa][0xffffffeb]d[0xffffffbc]<[0xfffffffd][0xfffffff9][0xfffffff1][0xffffffc3][0xffffffd9]'2$[0xffffffe4][0xffffff84][0xffffff90][0x1b][0xffffffce][0xffffff83][0x10][0x9]Iy[0x8][0x19][0xffffffad][0xffffffd7]!s[0xffffff95]>[0x1e][0x13][0xffffff92][0xffffffb1])[0xfffffff8]6[0x4][0xffffff98][0xffffffc0]}[0xffffff96][0xffffff90][0xffffffc1]#[\r]7[0xfffffff5][0xffffffa2][0xffffffce][0xf][0x14]5[0xffffff99]9[0xffffffa3][0xffffffc9]h>[0xffffffff]<[0xffffffba][0x1d][0xffffffbd][0xffffffa5][0xffffff9e][0xffffff8b]W$[0xffffffe9]-[0xfffffff5]\[0xe][0x17][0xffffffe3][0x1b][0xfffffff8]~7^[0xfffffffc][0xffffff82]/[0xffffffdf][0xffffff9c];[0xffffffb2][0xffffffe4]~[0xffffffb2][0xffffffa5][0x2]s[0xffffffb6][0xffffff8c][0xffffffec]jr[0xffffff85][0xffffffd4]5x[0xffffffb9][0x17][U[0xffffffd0]P;F[0xfffffffb] 0[{[0xffffffe9]4[0xfffffff4]zu[0x1b]"[0xffffffea][0xffffffea][0xfffffff0][0xffffffc1][0xffffffce]A[0xffffffe4] [0xffffffe5][0xffffffcd][0xffffffcc][0xffffffd6][0xffffffa7][0xffffffeb][0xfffffff5][0xffffffc0]Q[0xffffff97]H[0xffffffb9]U[0xe][0xffffff94][0x17]g[0xffffffcb]r[0xffffffc0].[0xffffffba][0xffffffb2]h[0xffffffe6][0xfffffffe][0xffffff82][0xffffffc8]O[0xffffffc7][0xffffffcd]L[0xffffff9a][0xffffffe7][0x7f][0xffffffca][0x7f][0xffffffb3]0[0xffffffa4]9[0x9]!9[0xfffffffa][0xffffffbe][0xffffffa4][0xffffffbf]Pq[0xffffffa8]+k[0xffffffaf][0xffffffca][0xfffffff1][0xffffffa4]\[0xffffffec][0x18][0xffffffa0]]v@FR%kk[0xf]8[0x1b][0xffffffa1][0xffffffff] [0xfffffff7][0xffffffd5][0xffffffca][0xffffffe6][0xfffffff8][0xffffff85][0x17][0xffffffb2][0x9][0xffffffe8]=[0xffffffbe][0xc][0xffffffb2][0xffffffd6]?c[0xffffffb1]U~[0x17]K[0x15][[0xffffffff][0xffffffda][\n]"
14:35:08.467 [main] DEBUG org.apache.hc.client5.http.wire - http-outgoing-0 << "LT[0xffffff83]#[0xfffffffe][0xffffff8b][0xffffffa6][0xffffffcc][0x15]\[0xffffffaa]L[0x10][0xffffffa2]i*[0xffffff97]-[0xffffff92][0xffffff86]n_[0xffffffb2][0xffffffcb][0xffffff9a]^S[0xfffffff4]7[0xffffff94]sQ{[0xfffffff3][0xffffffff][0xffffff92][0x19][0xffffffae][0x7f]^}[0xffffff83]Y[0x14];[0xffffffca]w[0xfffffff6][0xfffffff4][0xffffffbc][0xffffffed][0xffffffe6][0xffffff9b]xk[0xffffffdd][0xb]VSW[[0xfffffff9][0xffffffcb][0x11]P[0xffffffba][0xfffffff8][0xffffffe6][0xffffffb5]+X[0xffffffcc][0xffffffbb][0xfffffff6][0xffffffff]n[0xffffffb0]=[0x2]s[0xffffffc1][0x3]A#I[0xffffff88][0xffffffa1] $[0xffffffa4][0xffffff9b][0xffffffd8]U[0xffffffbb][0xfffffff6][0xffffffa6][0xffffffbb]"[0xffffffa2]I[0xfffffff9][0xffffff8f]&[0xffffffe2][0xffffffd0][0xffffffe7][0xffffffc7][0xffffff96][0xffffff89][0xffffff86][0xffffffd4][0xffffff97][\r][0xffffffce][0x7f](u[0xffffff85][0xffffffbb][0xfffffff0][0xffffffa5][0x19][0xffffffda][0xffffffec][0xffffff98][0xffffffc6]Y[0xfffffffd]h8m6[0xffffff9c]U[0xffffffc1][0xfffffff2][0xffffffd6]H[0xfffffff5]W[0xffffffe5][0x17]NM[0x1c][0xffffffc7][0xffffff84]9|[0xffffff83]7[0xffffffbf][0xffffffa4][0xffffffa5][0xfffffff1][0xfffffffb]slAM[0xffffffda][0xffffffa2]ck[0xffffffa9]o[0xffffff89][\n]"
14:35:08.467 [main] DEBUG org.apache.hc.client5.http.wire - http-outgoing-0 << "[0xffffffa6][0xfffffffd][0xffffffdd][0xffffff90]F,[0xffffffec][0xffffff97][0xffffffcf][0xfffffff4][0xffffffb2][0xffffff86]}[0xffffffc7]<u[0xffffff9b][0xffffffce][0xffffff8b]M[0xffffffb5][0xfffffffd][0xffffff93][0xffffff8e][0xffffffb6]:7[0xffffff97]i3[0xffffffaf]cA[0xffffffed][0xffffffc0][0xffffff92][0xfffffffa]T[0xffffffb0][0x2]^[0xffffff9a][0xffffffa1][0x1d]<[\r][0xffffffb5]A[0xffffffa7]+;[0xffffffc0][0x7f][0x0][0xffffffb2]$|[0xffffff88][0x1d][\r][0x0][0x0]"
14:35:08.469 [main] DEBUG org.apache.hc.client5.http.impl.classic.InternalHttpClient - ep-00000000: releasing valid endpoint
14:35:08.469 [main] DEBUG org.apache.hc.client5.http.impl.io.PoolingHttpClientConnectionManager - ep-00000000: releasing endpoint
14:35:08.469 [main] DEBUG org.apache.hc.client5.http.impl.io.PoolingHttpClientConnectionManager - ep-00000000: connection http-outgoing-0 can be kept alive for 3 MINUTES
14:35:08.470 [main] DEBUG org.apache.hc.client5.http.impl.io.PoolingHttpClientConnectionManager - ep-00000000: connection released [route: {s}->https://raw.githubusercontent.com:443][total available: 1; route allocated: 1 of 5; total allocated: 1 of 25]
14:35:08.470 [main] DEBUG io.github.bonigarcia.wdm.versions.VersionDetector - Detecting chrome version using online commands.properties
14:35:08.472 [main] DEBUG io.github.bonigarcia.wdm.versions.Shell - Running command on the shell: [cmd.exe, /C, wmic, datafile, where, name="%PROGRAMFILES(X86):\=\\%\\Google\\Chrome\\Application\\chrome.exe", get, Version, /value]
14:35:08.721 [main] DEBUG io.github.bonigarcia.wdm.versions.Shell - Result: 
14:35:08.722 [main] DEBUG io.github.bonigarcia.wdm.versions.Shell - Running command on the shell: [cmd.exe, /C, wmic, datafile, where, name="%LOCALAPPDATA:\=\\%\\Google\\Chrome\\Application\\chrome.exe", get, Version, /value]
14:35:08.866 [main] DEBUG io.github.bonigarcia.wdm.versions.Shell - Result: 
14:35:08.867 [main] DEBUG io.github.bonigarcia.wdm.versions.Shell - Running command on the shell: [cmd.exe, /C, wmic, datafile, where, name="%PROGRAMFILES:\=\\%\\Google\\Chrome\\Application\\chrome.exe", get, Version, /value]
14:35:09.008 [main] DEBUG io.github.bonigarcia.wdm.versions.Shell - Result: Version=91.0.4472.124
14:35:09.011 [main] DEBUG io.github.bonigarcia.wdm.cache.ResolutionCache - Resolution chrome91=91.0.4472.101 in cache (valid until 20:48:23 10/07/2021 YEKT)
14:35:09.011 [main] INFO io.github.bonigarcia.wdm.WebDriverManager - Using chromedriver 91.0.4472.101 (resolved driver for Chrome 91)
14:35:09.013 [main] DEBUG io.github.bonigarcia.wdm.cache.ResolutionCache - Storing resolution chrome=91 in cache (valid until 15:35:09 10/07/2021 YEKT)
14:35:09.025 [main] DEBUG io.github.bonigarcia.wdm.WebDriverManager - Driver chromedriver 91.0.4472.101 found in cache
14:35:09.026 [main] INFO io.github.bonigarcia.wdm.WebDriverManager - Exporting webdriver.chrome.driver as C:\Users\paytk\.cache\selenium\chromedriver\win32\91.0.4472.101\chromedriver.exe
]]></system-out>
    <system-err><![CDATA[Starting ChromeDriver 91.0.4472.101 (af52a90bf87030dd1523486a1cd3ae25c5d76c9b-refs/branch-heads/4472@{#1462}) on port 27885
Only local connections are allowed.
Please see https://chromedriver.chromium.org/security-considerations for suggestions on keeping ChromeDriver safe.
ChromeDriver was started successfully.
июл 10, 2021 2:35:10 PM org.openqa.selenium.remote.ProtocolHandshake createSession
INFO: Detected dialect: W3C
]]></system-err>
  </testcase>
</testsuite>